<?xml version="1.0" encoding="UTF-8"?>
<!-- Generated by org.testng.reporters.JUnitXMLReporter -->
<testsuite ignored="2" hostname="DESKTOP-L5QUQEL" failures="1" tests="2" name="Test" time="1.36" errors="0" timestamp="2026-05-04T02:23:21 EDT">
  <testcase classname="mainProject.MainProjectBase" name="@AfterMethod driverQuit" time="0.008">
    <failure type="java.lang.NullPointerException" message="Cannot invoke &amp;quot;org.openqa.selenium.TakesScreenshot.getScreenshotAs(org.openqa.selenium.OutputType)&amp;quot; because &amp;quot;scrShot&amp;quot; is null">
      <![CDATA[java.lang.NullPointerException: Cannot invoke "org.openqa.selenium.TakesScreenshot.getScreenshotAs(org.openqa.selenium.OutputType)" because "scrShot" is null
at utilities.ScreenShotUtility.getScreenshot(ScreenShotUtility.java:18)
at mainProject.MainProjectBase.driverQuit(MainProjectBase.java:47)
at java.base/java.util.ArrayList.forEach(ArrayList.java:1511)
... Removed 32 stack frames]]>
    </failure>
  </testcase> <!-- @AfterMethod driverQuit -->
  <testcase classname="test.LoginTest" name="verifyUserLoginWithValidCredentials" time="1.259">
    <failure type="java.lang.NullPointerException" message="Cannot invoke &amp;quot;org.openqa.selenium.SearchContext.findElement(org.openqa.selenium.By)&amp;quot; because &amp;quot;this.searchContext&amp;quot; is null">
      <![CDATA[java.lang.NullPointerException: Cannot invoke "org.openqa.selenium.SearchContext.findElement(org.openqa.selenium.By)" because "this.searchContext" is null
at org.openqa.selenium.support.pagefactory.DefaultElementLocator.findElement(DefaultElementLocator.java:68)
at org.openqa.selenium.support.pagefactory.internal.LocatingElementHandler.invoke(LocatingElementHandler.java:38)
at jdk.proxy2/jdk.proxy2.$Proxy10.sendKeys(Unknown Source)
at pages.LoginPage.enterusername(LoginPage.java:21)
at test.LoginTest.verifyUserLoginWithValidCredentials(LoginTest.java:19)
at java.base/java.util.ArrayList.forEach(ArrayList.java:1511)
... Removed 27 stack frames]]>
    </failure>
  </testcase> <!-- verifyUserLoginWithValidCredentials -->
  <testcase classname="test.LoginTest" name="verifyUserLoginWithValidPassword" time="0.0">
    <skipped/>
  </testcase> <!-- verifyUserLoginWithValidPassword -->
  <testcase classname="test.LoginTest" name="verifyUserLoginWithInvalidCredentials" time="0.0">
    <ignored/>
  </testcase> <!-- verifyUserLoginWithInvalidCredentials -->
  <testcase classname="test.LoginTest" name="verifyUserLoginWithValidUsername" time="0.0">
    <ignored/>
  </testcase> <!-- verifyUserLoginWithValidUsername -->
</testsuite> <!-- Test -->
