<?xml version="1.0" encoding="UTF-8"?>
<!-- Generated by org.testng.reporters.JUnitXMLReporter -->
<testsuite ignored="1" hostname="DESKTOP-L5QUQEL" failures="0" tests="1" name="Test" time="13.729" errors="0" timestamp="2026-05-11T11:24:28 EDT">
  <testcase classname="test.AdminUserTest" name="verifyWhetherUserIsAbleToSearchTheNewlyAddedUser" time="7.309"/>
  <testcase classname="test.AdminUserTest" name="verifyWhetherUserIsAbleToAddNewAdminUser" time="0.0">
    <ignored/>
  </testcase> <!-- verifyWhetherUserIsAbleToAddNewAdminUser -->
</testsuite> <!-- Test -->
