<?xml version="1.0" encoding="UTF-8"?>
<!-- Generated by org.testng.reporters.JUnitXMLReporter -->
<testsuite ignored="1" hostname="DESKTOP-L5QUQEL" failures="0" tests="1" name="Test" time="11.734" errors="0" timestamp="2026-05-13T05:18:35 EDT">
  <testcase classname="test.AdminUserTest" name="verifyWhetherUserIsAbleToSearchTheNewlyAddedUser" time="5.441"/>
  <testcase classname="test.AdminUserTest" name="verifyWhetherUserIsAbleToAddNewAdminUser" time="0.0">
    <ignored/>
  </testcase> <!-- verifyWhetherUserIsAbleToAddNewAdminUser -->
</testsuite> <!-- Test -->
